<?xml version="1.0" encoding="UTF-8"?>
<!-- Generated by org.testng.reporters.JUnitReportReporter -->
<testsuite skipped="0" hostname="LAPTOP-0AN3T2SM" name="com.jenkins.demo1.LaunchJenkin" tests="1" failures="0" timestamp="24 Feb 2020 05:17:42 GMT" time="16.520" errors="0">
  <testcase name="launchTest" time="16.520" classname="com.jenkins.demo1.LaunchJenkin"/>
</testsuite> <!-- com.jenkins.demo1.LaunchJenkin -->
